#! /c/Source/iverilog-install/bin/vvp
:ivl_version "12.0 (devel)" "(s20150603-1110-g18392a46)";
:ivl_delay_selection "TYPICAL";
:vpi_time_precision + 0;
:vpi_module "C:\iverilog\lib\ivl\system.vpi";
:vpi_module "C:\iverilog\lib\ivl\vhdl_sys.vpi";
:vpi_module "C:\iverilog\lib\ivl\vhdl_textio.vpi";
:vpi_module "C:\iverilog\lib\ivl\v2005_math.vpi";
:vpi_module "C:\iverilog\lib\ivl\va_math.vpi";
S_000001fdd8514e40 .scope module, "TX" "TX" 2 2;
 .timescale 0 0;
    .port_info 0 /INPUT 1 "clk";
    .port_info 1 /INPUT 1 "btn";
    .port_info 2 /INPUT 1 "Rx";
    .port_info 3 /OUTPUT 1 "Tx";
    .port_info 4 /OUTPUT 8 "data";
P_000001fdd84c8120 .param/l "BAUD_RATE" 0 2 4, +C4<00000000000000000010010110000000>;
P_000001fdd84c8158 .param/l "CLK_FREQ" 0 2 3, +C4<00000010111110101111000010000000>;
o000001fdd853b0e8 .functor BUFZ 1, C4<z>; HiZ drive
v000001fdd858d850_0 .net "Rx", 0 0, o000001fdd853b0e8;  0 drivers
v000001fdd858da30_0 .net "Tx", 0 0, v000001fdd858df30_0;  1 drivers
o000001fdd853aff8 .functor BUFZ 1, C4<z>; HiZ drive
v000001fdd858dad0_0 .net "btn", 0 0, o000001fdd853aff8;  0 drivers
v000001fdd858d490_0 .var "buff", 63 0;
o000001fdd853b7d8 .functor BUFZ 1, C4<z>; HiZ drive
v000001fdd858dcb0_0 .net "clk", 0 0, o000001fdd853b7d8;  0 drivers
v000001fdd858d530_0 .var "clkn", 0 0;
v000001fdd858d5d0_0 .var "countbyte", 31 0;
v000001fdd858d670_0 .var "counter", 31 0;
v000001fdd85902b0_0 .net "data", 7 0, v000001fdd8519160_0;  1 drivers
v000001fdd8590350_0 .var "fixed_data", 7 0;
v000001fdd8590530_0 .net "stat", 0 0, v000001fdd858d710_0;  1 drivers
v000001fdd8590fd0_0 .net "tx", 7 0, v000001fdd858d0d0_0;  1 drivers
E_000001fdd85132d0 .event posedge, v000001fdd858dcb0_0;
S_000001fdd8514fd0 .scope module, "RX" "UART_rx2" 2 53, 2 166 0, S_000001fdd8514e40;
 .timescale 0 0;
    .port_info 0 /INPUT 1 "clk";
    .port_info 1 /INPUT 1 "data_in";
    .port_info 2 /OUTPUT 8 "test";
    .port_info 3 /OUTPUT 8 "data_val";
    .port_info 4 /OUTPUT 2 "st";
    .port_info 5 /OUTPUT 1 "dt";
    .port_info 6 /INPUT 1 "btn";
P_000001fdd8508a10 .param/l "CLKS_PER_BIT" 0 2 167, +C4<00000000000000000000000000010000>;
P_000001fdd8508a48 .param/l "DATA" 0 2 178, C4<10>;
P_000001fdd8508a80 .param/l "IDLE" 0 2 178, C4<00>;
P_000001fdd8508ab8 .param/l "START" 0 2 178, C4<01>;
P_000001fdd8508af0 .param/l "STOP" 0 2 178, C4<11>;
v000001fdd8515160_0 .var "STATE", 1 0;
v000001fdd84e3500_0 .var "bitcount", 3 0;
v000001fdd84e3360_0 .net "btn", 0 0, o000001fdd853aff8;  alias, 0 drivers
v000001fdd8518e40_0 .net "clk", 0 0, v000001fdd858d530_0;  1 drivers
v000001fdd8518ee0_0 .var "clk_counter", 15 0;
v000001fdd8518f80_0 .var "count", 3 0;
v000001fdd8519020_0 .var "data", 7 0;
v000001fdd85190c0_0 .net "data_in", 0 0, o000001fdd853b0e8;  alias, 0 drivers
v000001fdd8519160_0 .var "data_val", 7 0;
v000001fdd8519200_0 .var "dt", 0 0;
v000001fdd8529ee0_0 .var "filtercount", 3 0;
v000001fdd8529f80_0 .var "flag", 0 0;
v000001fdd852a020_0 .var "st", 1 0;
v000001fdd858d8f0_0 .var "statflag", 0 0;
v000001fdd858dfd0_0 .var "test", 7 0;
E_000001fdd8512fd0 .event posedge, v000001fdd8518e40_0;
S_000001fdd852a0c0 .scope module, "TX" "UART_tx2" 2 42, 2 64 0, S_000001fdd8514e40;
 .timescale 0 0;
    .port_info 0 /INPUT 1 "clk";
    .port_info 1 /INPUT 1 "rst_n";
    .port_info 2 /INPUT 8 "data";
    .port_info 3 /INPUT 1 "start";
    .port_info 4 /OUTPUT 1 "data_out";
    .port_info 5 /OUTPUT 8 "test";
    .port_info 6 /OUTPUT 1 "status";
P_000001fdd852a250 .param/l "CLKS_PER_BIT" 0 2 75, +C4<00000000000000000000000000010000>;
P_000001fdd852a288 .param/l "CLKSidel" 0 2 76, +C4<00000000000000000000000011001000>;
P_000001fdd852a2c0 .param/l "DATA" 0 2 74, C4<10>;
P_000001fdd852a2f8 .param/l "IDLE" 0 2 74, C4<00>;
P_000001fdd852a330 .param/l "START" 0 2 74, C4<01>;
P_000001fdd852a368 .param/l "STOP" 0 2 74, C4<11>;
v000001fdd858ddf0_0 .var "STATE", 1 0;
v000001fdd858d170_0 .var "bit_counter", 3 0;
v000001fdd858d990_0 .net "clk", 0 0, v000001fdd858d530_0;  alias, 1 drivers
v000001fdd858dd50_0 .var "clk_counter", 15 0;
v000001fdd858d2b0_0 .var "counter", 31 0;
v000001fdd858db70_0 .var "curr_stat", 0 0;
v000001fdd858d350_0 .net "data", 7 0, v000001fdd8590350_0;  1 drivers
v000001fdd858dc10_0 .var "data_buff", 7 0;
v000001fdd858df30_0 .var "data_out", 0 0;
v000001fdd858de90_0 .var "flag", 3 0;
L_000001fdd85d0088 .functor BUFT 1, C4<1>, C4<0>, C4<0>, C4<0>;
v000001fdd858d210_0 .net "rst_n", 0 0, L_000001fdd85d0088;  1 drivers
L_000001fdd85d00d0 .functor BUFT 1, C4<1>, C4<0>, C4<0>, C4<0>;
v000001fdd858d3f0_0 .net "start", 0 0, L_000001fdd85d00d0;  1 drivers
v000001fdd858d7b0_0 .var "stat", 0 0;
v000001fdd858d710_0 .var "status", 0 0;
v000001fdd858d0d0_0 .var "test", 7 0;
    .scope S_000001fdd852a0c0;
T_0 ;
    %pushi/vec4 0, 0, 8;
    %store/vec4 v000001fdd858dc10_0, 0, 8;
    %pushi/vec4 0, 0, 4;
    %store/vec4 v000001fdd858de90_0, 0, 4;
    %pushi/vec4 0, 0, 2;
    %store/vec4 v000001fdd858ddf0_0, 0, 2;
    %pushi/vec4 0, 0, 32;
    %store/vec4 v000001fdd858d2b0_0, 0, 32;
    %pushi/vec4 0, 0, 4;
    %store/vec4 v000001fdd858d170_0, 0, 4;
    %pushi/vec4 1, 0, 1;
    %store/vec4 v000001fdd858d7b0_0, 0, 1;
    %end;
    .thread T_0;
    .scope S_000001fdd852a0c0;
T_1 ;
    %wait E_000001fdd8512fd0;
    %load/vec4 v000001fdd858d7b0_0;
    %flag_set/vec4 8;
    %jmp/0xz  T_1.0, 8;
    %pushi/vec4 1, 0, 1;
    %assign/vec4 v000001fdd858df30_0, 0;
    %pushi/vec4 0, 0, 8;
    %assign/vec4 v000001fdd858d0d0_0, 0;
    %load/vec4 v000001fdd858d350_0;
    %assign/vec4 v000001fdd858dc10_0, 0;
    %pushi/vec4 0, 0, 16;
    %assign/vec4 v000001fdd858dd50_0, 0;
    %load/vec4 v000001fdd858d3f0_0;
    %assign/vec4 v000001fdd858db70_0, 0;
    %pushi/vec4 0, 0, 1;
    %assign/vec4 v000001fdd858d7b0_0, 0;
    %jmp T_1.1;
T_1.0 ;
    %load/vec4 v000001fdd858ddf0_0;
    %dup/vec4;
    %pushi/vec4 0, 0, 2;
    %cmp/u;
    %jmp/1 T_1.2, 6;
    %dup/vec4;
    %pushi/vec4 1, 0, 2;
    %cmp/u;
    %jmp/1 T_1.3, 6;
    %dup/vec4;
    %pushi/vec4 2, 0, 2;
    %cmp/u;
    %jmp/1 T_1.4, 6;
    %dup/vec4;
    %pushi/vec4 3, 0, 2;
    %cmp/u;
    %jmp/1 T_1.5, 6;
    %pushi/vec4 0, 0, 2;
    %assign/vec4 v000001fdd858ddf0_0, 0;
    %jmp T_1.7;
T_1.2 ;
    %load/vec4 v000001fdd858db70_0;
    %inv;
    %load/vec4 v000001fdd858dd50_0;
    %pad/u 32;
    %cmpi/u 200, 0, 32;
    %flag_get/vec4 5;
    %and;
    %flag_set/vec4 8;
    %jmp/0xz  T_1.8, 8;
    %pushi/vec4 1, 0, 1;
    %assign/vec4 v000001fdd858df30_0, 0;
    %load/vec4 v000001fdd858df30_0;
    %pad/u 8;
    %assign/vec4 v000001fdd858d0d0_0, 0;
    %load/vec4 v000001fdd858d350_0;
    %assign/vec4 v000001fdd858dc10_0, 0;
    %load/vec4 v000001fdd858dd50_0;
    %addi 1, 0, 16;
    %assign/vec4 v000001fdd858dd50_0, 0;
    %pushi/vec4 1, 0, 1;
    %assign/vec4 v000001fdd858d710_0, 0;
    %pushi/vec4 0, 0, 2;
    %assign/vec4 v000001fdd858ddf0_0, 0;
    %jmp T_1.9;
T_1.8 ;
    %pushi/vec4 1, 0, 2;
    %assign/vec4 v000001fdd858ddf0_0, 0;
    %pushi/vec4 0, 0, 1;
    %assign/vec4 v000001fdd858d710_0, 0;
    %pushi/vec4 0, 0, 16;
    %assign/vec4 v000001fdd858dd50_0, 0;
T_1.9 ;
    %jmp T_1.7;
T_1.3 ;
    %load/vec4 v000001fdd858dd50_0;
    %pad/u 32;
    %cmpi/u 16, 0, 32;
    %jmp/0xz  T_1.10, 5;
    %pushi/vec4 0, 0, 1;
    %assign/vec4 v000001fdd858df30_0, 0;
    %pushi/vec4 1, 0, 2;
    %assign/vec4 v000001fdd858ddf0_0, 0;
    %load/vec4 v000001fdd858df30_0;
    %pad/u 8;
    %assign/vec4 v000001fdd858d0d0_0, 0;
    %load/vec4 v000001fdd858d350_0;
    %assign/vec4 v000001fdd858dc10_0, 0;
    %load/vec4 v000001fdd858dd50_0;
    %addi 1, 0, 16;
    %assign/vec4 v000001fdd858dd50_0, 0;
    %jmp T_1.11;
T_1.10 ;
    %load/vec4 v000001fdd858df30_0;
    %pad/u 8;
    %assign/vec4 v000001fdd858d0d0_0, 0;
    %pushi/vec4 0, 0, 16;
    %assign/vec4 v000001fdd858dd50_0, 0;
    %pushi/vec4 2, 0, 2;
    %assign/vec4 v000001fdd858ddf0_0, 0;
    %pushi/vec4 0, 0, 4;
    %assign/vec4 v000001fdd858de90_0, 0;
T_1.11 ;
    %jmp T_1.7;
T_1.4 ;
    %load/vec4 v000001fdd858de90_0;
    %pad/u 32;
    %cmpi/u 8, 0, 32;
    %jmp/0xz  T_1.12, 5;
    %pushi/vec4 2, 0, 2;
    %assign/vec4 v000001fdd858ddf0_0, 0;
    %load/vec4 v000001fdd858dd50_0;
    %pad/u 32;
    %cmpi/u 16, 0, 32;
    %jmp/0xz  T_1.14, 5;
    %load/vec4 v000001fdd858dc10_0;
    %parti/s 1, 0, 2;
    %assign/vec4 v000001fdd858df30_0, 0;
    %load/vec4 v000001fdd858df30_0;
    %pad/u 8;
    %assign/vec4 v000001fdd858d0d0_0, 0;
    %load/vec4 v000001fdd858dd50_0;
    %addi 1, 0, 16;
    %assign/vec4 v000001fdd858dd50_0, 0;
    %jmp T_1.15;
T_1.14 ;
    %load/vec4 v000001fdd858dc10_0;
    %ix/load 4, 1, 0;
    %flag_set/imm 4, 0;
    %shiftr 4;
    %assign/vec4 v000001fdd858dc10_0, 0;
    %pushi/vec4 0, 0, 16;
    %assign/vec4 v000001fdd858dd50_0, 0;
    %load/vec4 v000001fdd858de90_0;
    %addi 1, 0, 4;
    %assign/vec4 v000001fdd858de90_0, 0;
T_1.15 ;
    %jmp T_1.13;
T_1.12 ;
    %pushi/vec4 3, 0, 2;
    %assign/vec4 v000001fdd858ddf0_0, 0;
    %pushi/vec4 0, 0, 16;
    %assign/vec4 v000001fdd858dd50_0, 0;
T_1.13 ;
    %jmp T_1.7;
T_1.5 ;
    %load/vec4 v000001fdd858dd50_0;
    %pad/u 32;
    %cmpi/u 16, 0, 32;
    %jmp/0xz  T_1.16, 5;
    %pushi/vec4 1, 0, 1;
    %assign/vec4 v000001fdd858df30_0, 0;
    %pushi/vec4 3, 0, 2;
    %assign/vec4 v000001fdd858ddf0_0, 0;
    %load/vec4 v000001fdd858df30_0;
    %pad/u 8;
    %assign/vec4 v000001fdd858d0d0_0, 0;
    %load/vec4 v000001fdd858dd50_0;
    %addi 1, 0, 16;
    %assign/vec4 v000001fdd858dd50_0, 0;
    %jmp T_1.17;
T_1.16 ;
    %pushi/vec4 1, 0, 1;
    %assign/vec4 v000001fdd858df30_0, 0;
    %pushi/vec4 1, 0, 8;
    %assign/vec4 v000001fdd858d0d0_0, 0;
    %pushi/vec4 0, 0, 2;
    %assign/vec4 v000001fdd858ddf0_0, 0;
    %pushi/vec4 1, 0, 1;
    %assign/vec4 v000001fdd858d710_0, 0;
    %pushi/vec4 0, 0, 1;
    %assign/vec4 v000001fdd858db70_0, 0;
T_1.17 ;
    %jmp T_1.7;
T_1.7 ;
    %pop/vec4 1;
T_1.1 ;
    %jmp T_1;
    .thread T_1;
    .scope S_000001fdd8514fd0;
T_2 ;
    %pushi/vec4 0, 0, 2;
    %store/vec4 v000001fdd8515160_0, 0, 2;
    %pushi/vec4 1, 0, 1;
    %store/vec4 v000001fdd8529f80_0, 0, 1;
    %pushi/vec4 1, 0, 1;
    %store/vec4 v000001fdd858d8f0_0, 0, 1;
    %end;
    .thread T_2;
    .scope S_000001fdd8514fd0;
T_3 ;
    %wait E_000001fdd8512fd0;
    %load/vec4 v000001fdd858d8f0_0;
    %flag_set/vec4 8;
    %jmp/0xz  T_3.0, 8;
    %pushi/vec4 0, 0, 4;
    %assign/vec4 v000001fdd8518f80_0, 0;
    %pushi/vec4 0, 0, 8;
    %assign/vec4 v000001fdd8519160_0, 0;
    %pushi/vec4 0, 0, 4;
    %assign/vec4 v000001fdd84e3500_0, 0;
    %pushi/vec4 0, 0, 1;
    %assign/vec4 v000001fdd8529f80_0, 0;
    %pushi/vec4 0, 0, 1;
    %assign/vec4 v000001fdd8519200_0, 0;
    %pushi/vec4 0, 0, 4;
    %assign/vec4 v000001fdd8529ee0_0, 0;
    %pushi/vec4 0, 0, 8;
    %assign/vec4 v000001fdd858dfd0_0, 0;
    %pushi/vec4 0, 0, 1;
    %assign/vec4 v000001fdd858d8f0_0, 0;
    %jmp T_3.1;
T_3.0 ;
    %load/vec4 v000001fdd8515160_0;
    %dup/vec4;
    %pushi/vec4 0, 0, 2;
    %cmp/u;
    %jmp/1 T_3.2, 6;
    %dup/vec4;
    %pushi/vec4 1, 0, 2;
    %cmp/u;
    %jmp/1 T_3.3, 6;
    %dup/vec4;
    %pushi/vec4 2, 0, 2;
    %cmp/u;
    %jmp/1 T_3.4, 6;
    %dup/vec4;
    %pushi/vec4 3, 0, 2;
    %cmp/u;
    %jmp/1 T_3.5, 6;
    %pushi/vec4 0, 0, 2;
    %assign/vec4 v000001fdd8515160_0, 0;
    %jmp T_3.7;
T_3.2 ;
    %load/vec4 v000001fdd8515160_0;
    %assign/vec4 v000001fdd852a020_0, 0;
    %load/vec4 v000001fdd85190c0_0;
    %pad/u 32;
    %cmpi/e 0, 0, 32;
    %jmp/0xz  T_3.8, 4;
    %pushi/vec4 1, 0, 2;
    %assign/vec4 v000001fdd8515160_0, 0;
T_3.8 ;
    %jmp T_3.7;
T_3.3 ;
    %load/vec4 v000001fdd8515160_0;
    %assign/vec4 v000001fdd852a020_0, 0;
    %load/vec4 v000001fdd8518ee0_0;
    %addi 1, 0, 16;
    %assign/vec4 v000001fdd8518ee0_0, 0;
    %load/vec4 v000001fdd85190c0_0;
    %pad/u 32;
    %pushi/vec4 0, 0, 32;
    %cmp/e;
    %flag_get/vec4 4;
    %load/vec4 v000001fdd8518ee0_0;
    %pad/u 32;
    %pushi/vec4 7, 0, 32;
    %cmp/e;
    %flag_get/vec4 4;
    %and;
    %flag_set/vec4 8;
    %jmp/0xz  T_3.10, 8;
    %pushi/vec4 2, 0, 2;
    %assign/vec4 v000001fdd8515160_0, 0;
    %pushi/vec4 0, 0, 4;
    %assign/vec4 v000001fdd84e3500_0, 0;
    %pushi/vec4 0, 0, 8;
    %store/vec4 v000001fdd8519160_0, 0, 8;
    %pushi/vec4 0, 0, 16;
    %assign/vec4 v000001fdd8518ee0_0, 0;
T_3.10 ;
    %jmp T_3.7;
T_3.4 ;
    %load/vec4 v000001fdd8518ee0_0;
    %addi 1, 0, 16;
    %assign/vec4 v000001fdd8518ee0_0, 0;
    %load/vec4 v000001fdd85190c0_0;
    %load/vec4 v000001fdd8518ee0_0;
    %pad/u 32;
    %pushi/vec4 16, 0, 32;
    %cmp/e;
    %flag_get/vec4 4;
    %and;
    %flag_set/vec4 8;
    %jmp/0xz  T_3.12, 8;
    %pushi/vec4 1, 0, 1;
    %load/vec4 v000001fdd8519160_0;
    %parti/s 7, 1, 2;
    %concat/vec4; draw_concat_vec4
    %assign/vec4 v000001fdd8519160_0, 0;
    %pushi/vec4 0, 0, 16;
    %assign/vec4 v000001fdd8518ee0_0, 0;
    %load/vec4 v000001fdd84e3500_0;
    %addi 1, 0, 4;
    %assign/vec4 v000001fdd84e3500_0, 0;
    %jmp T_3.13;
T_3.12 ;
    %load/vec4 v000001fdd85190c0_0;
    %pad/u 32;
    %pushi/vec4 0, 0, 32;
    %cmp/e;
    %flag_get/vec4 4;
    %load/vec4 v000001fdd8518ee0_0;
    %pad/u 32;
    %pushi/vec4 16, 0, 32;
    %cmp/e;
    %flag_get/vec4 4;
    %and;
    %flag_set/vec4 8;
    %jmp/0xz  T_3.14, 8;
    %pushi/vec4 0, 0, 1;
    %load/vec4 v000001fdd8519160_0;
    %parti/s 7, 1, 2;
    %concat/vec4; draw_concat_vec4
    %assign/vec4 v000001fdd8519160_0, 0;
    %pushi/vec4 0, 0, 16;
    %assign/vec4 v000001fdd8518ee0_0, 0;
    %load/vec4 v000001fdd84e3500_0;
    %addi 1, 0, 4;
    %assign/vec4 v000001fdd84e3500_0, 0;
T_3.14 ;
T_3.13 ;
    %load/vec4 v000001fdd84e3500_0;
    %pad/u 32;
    %cmpi/u 7, 0, 32;
    %flag_or 5, 4; GT is !LE
    %flag_inv 5;
    %jmp/0xz  T_3.16, 5;
    %load/vec4 v000001fdd8519160_0;
    %assign/vec4 v000001fdd8519020_0, 0;
    %pushi/vec4 3, 0, 2;
    %assign/vec4 v000001fdd8515160_0, 0;
    %pushi/vec4 0, 0, 16;
    %assign/vec4 v000001fdd8518ee0_0, 0;
T_3.16 ;
    %jmp T_3.7;
T_3.5 ;
    %load/vec4 v000001fdd8515160_0;
    %assign/vec4 v000001fdd852a020_0, 0;
    %load/vec4 v000001fdd85190c0_0;
    %load/vec4 v000001fdd8518ee0_0;
    %pad/u 32;
    %pushi/vec4 16, 0, 32;
    %cmp/e;
    %flag_get/vec4 4;
    %and;
    %flag_set/vec4 8;
    %jmp/0xz  T_3.18, 8;
    %pushi/vec4 0, 0, 2;
    %assign/vec4 v000001fdd8515160_0, 0;
T_3.18 ;
    %load/vec4 v000001fdd8518ee0_0;
    %addi 1, 0, 16;
    %assign/vec4 v000001fdd8518ee0_0, 0;
    %jmp T_3.7;
T_3.7 ;
    %pop/vec4 1;
T_3.1 ;
    %jmp T_3;
    .thread T_3;
    .scope S_000001fdd8514e40;
T_4 ;
    %pushi/vec4 0, 0, 8;
    %store/vec4 v000001fdd8590350_0, 0, 8;
    %pushi/vec4 0, 0, 32;
    %store/vec4 v000001fdd858d670_0, 0, 32;
    %pushi/vec4 0, 0, 32;
    %store/vec4 v000001fdd858d5d0_0, 0, 32;
    %pushi/vec4 305419794, 0, 64;
    %store/vec4 v000001fdd858d490_0, 0, 64;
    %end;
    .thread T_4;
    .scope S_000001fdd8514e40;
T_5 ;
    %wait E_000001fdd85132d0;
    %load/vec4 v000001fdd858d670_0;
    %addi 1, 0, 32;
    %assign/vec4 v000001fdd858d670_0, 0;
    %load/vec4 v000001fdd858d670_0;
    %cmpi/e 325000, 0, 32;
    %jmp/0xz  T_5.0, 4;
    %pushi/vec4 1, 0, 32;
    %assign/vec4 v000001fdd858d670_0, 0;
    %load/vec4 v000001fdd858d5d0_0;
    %addi 1, 0, 32;
    %assign/vec4 v000001fdd858d5d0_0, 0;
    %load/vec4 v000001fdd858d530_0;
    %inv;
    %assign/vec4 v000001fdd858d530_0, 0;
T_5.0 ;
    %load/vec4 v000001fdd8590530_0;
    %flag_set/vec4 8;
    %jmp/0xz  T_5.2, 8;
    %load/vec4 v000001fdd858d490_0;
    %parti/s 8, 0, 2;
    %assign/vec4 v000001fdd8590350_0, 0;
T_5.2 ;
    %jmp T_5;
    .thread T_5;
# The file index is used to find the file name in the following table.
:file_names 3;
    "N/A";
    "<interactive>";
    "comm.v";
