Analysis & Synthesis report for UART
Tue May  6 16:00:56 2025
Quartus Prime Version 22.1std.0 Build 915 10/25/2022 SC Lite Edition


---------------------
; Table of Contents ;
---------------------
  1. Legal Notice
  2. Analysis & Synthesis Summary
  3. Analysis & Synthesis Settings
  4. Parallel Compilation
  5. Analysis & Synthesis Source Files Read
  6. Analysis & Synthesis Resource Usage Summary
  7. Analysis & Synthesis Resource Utilization by Entity
  8. State Machine - |TX|UART_rx2:RX|STATE
  9. State Machine - |TX|UART_tx2:TX|STATE
 10. Registers Removed During Synthesis
 11. Removed Registers Triggering Further Register Optimizations
 12. General Register Statistics
 13. Inverted Register Statistics
 14. Multiplexer Restructuring Statistics (Restructuring Performed)
 15. Parameter Settings for User Entity Instance: UART_tx2:TX
 16. Parameter Settings for User Entity Instance: UART_rx2:RX
 17. Post-Synthesis Netlist Statistics for Top Partition
 18. Elapsed Time Per Partition
 19. Analysis & Synthesis Messages
 20. Analysis & Synthesis Suppressed Messages



----------------
; Legal Notice ;
----------------
Copyright (C) 2022  Intel Corporation. All rights reserved.
Your use of Intel Corporation's design tools, logic functions 
and other software and tools, and any partner logic 
functions, and any output files from any of the foregoing 
(including device programming or simulation files), and any 
associated documentation or information are expressly subject 
to the terms and conditions of the Intel Program License 
Subscription Agreement, the Intel Quartus Prime License Agreement,
the Intel FPGA IP License Agreement, or other applicable license
agreement, including, without limitation, that your use is for
the sole purpose of programming logic devices manufactured by
Intel and sold by Intel or its authorized distributors.  Please
refer to the applicable agreement for further details, at
https://fpgasoftware.intel.com/eula.



+-------------------------------------------------------------------------------------+
; Analysis & Synthesis Summary                                                        ;
+------------------------------------+------------------------------------------------+
; Analysis & Synthesis Status        ; Successful - Tue May  6 16:00:56 2025          ;
; Quartus Prime Version              ; 22.1std.0 Build 915 10/25/2022 SC Lite Edition ;
; Revision Name                      ; UART                                           ;
; Top-level Entity Name              ; TX                                             ;
; Family                             ; Cyclone IV E                                   ;
; Total logic elements               ; 232                                            ;
;     Total combinational functions  ; 205                                            ;
;     Dedicated logic registers      ; 135                                            ;
; Total registers                    ; 135                                            ;
; Total pins                         ; 21                                             ;
; Total virtual pins                 ; 0                                              ;
; Total memory bits                  ; 0                                              ;
; Embedded Multiplier 9-bit elements ; 0                                              ;
; Total PLLs                         ; 0                                              ;
+------------------------------------+------------------------------------------------+


+------------------------------------------------------------------------------------------------------------+
; Analysis & Synthesis Settings                                                                              ;
+------------------------------------------------------------------+--------------------+--------------------+
; Option                                                           ; Setting            ; Default Value      ;
+------------------------------------------------------------------+--------------------+--------------------+
; Device                                                           ; EP4CE22F17C6       ;                    ;
; Top-level entity name                                            ; TX                 ; UART               ;
; Family name                                                      ; Cyclone IV E       ; Cyclone V          ;
; Use smart compilation                                            ; Off                ; Off                ;
; Enable parallel Assembler and Timing Analyzer during compilation ; On                 ; On                 ;
; Enable compact report table                                      ; Off                ; Off                ;
; Restructure Multiplexers                                         ; Auto               ; Auto               ;
; Create Debugging Nodes for IP Cores                              ; Off                ; Off                ;
; Preserve fewer node names                                        ; On                 ; On                 ;
; Intel FPGA IP Evaluation Mode                                    ; Enable             ; Enable             ;
; Verilog Version                                                  ; Verilog_2001       ; Verilog_2001       ;
; VHDL Version                                                     ; VHDL_1993          ; VHDL_1993          ;
; State Machine Processing                                         ; Auto               ; Auto               ;
; Safe State Machine                                               ; Off                ; Off                ;
; Extract Verilog State Machines                                   ; On                 ; On                 ;
; Extract VHDL State Machines                                      ; On                 ; On                 ;
; Ignore Verilog initial constructs                                ; Off                ; Off                ;
; Iteration limit for constant Verilog loops                       ; 5000               ; 5000               ;
; Iteration limit for non-constant Verilog loops                   ; 250                ; 250                ;
; Add Pass-Through Logic to Inferred RAMs                          ; On                 ; On                 ;
; Infer RAMs from Raw Logic                                        ; On                 ; On                 ;
; Parallel Synthesis                                               ; On                 ; On                 ;
; DSP Block Balancing                                              ; Auto               ; Auto               ;
; NOT Gate Push-Back                                               ; On                 ; On                 ;
; Power-Up Don't Care                                              ; On                 ; On                 ;
; Remove Redundant Logic Cells                                     ; Off                ; Off                ;
; Remove Duplicate Registers                                       ; On                 ; On                 ;
; Ignore CARRY Buffers                                             ; Off                ; Off                ;
; Ignore CASCADE Buffers                                           ; Off                ; Off                ;
; Ignore GLOBAL Buffers                                            ; Off                ; Off                ;
; Ignore ROW GLOBAL Buffers                                        ; Off                ; Off                ;
; Ignore LCELL Buffers                                             ; Off                ; Off                ;
; Ignore SOFT Buffers                                              ; On                 ; On                 ;
; Limit AHDL Integers to 32 Bits                                   ; Off                ; Off                ;
; Optimization Technique                                           ; Balanced           ; Balanced           ;
; Carry Chain Length                                               ; 70                 ; 70                 ;
; Auto Carry Chains                                                ; On                 ; On                 ;
; Auto Open-Drain Pins                                             ; On                 ; On                 ;
; Perform WYSIWYG Primitive Resynthesis                            ; Off                ; Off                ;
; Auto ROM Replacement                                             ; On                 ; On                 ;
; Auto RAM Replacement                                             ; On                 ; On                 ;
; Auto DSP Block Replacement                                       ; On                 ; On                 ;
; Auto Shift Register Replacement                                  ; Auto               ; Auto               ;
; Allow Shift Register Merging across Hierarchies                  ; Auto               ; Auto               ;
; Auto Clock Enable Replacement                                    ; On                 ; On                 ;
; Strict RAM Replacement                                           ; Off                ; Off                ;
; Allow Synchronous Control Signals                                ; On                 ; On                 ;
; Force Use of Synchronous Clear Signals                           ; Off                ; Off                ;
; Auto RAM Block Balancing                                         ; On                 ; On                 ;
; Auto RAM to Logic Cell Conversion                                ; Off                ; Off                ;
; Auto Resource Sharing                                            ; Off                ; Off                ;
; Allow Any RAM Size For Recognition                               ; Off                ; Off                ;
; Allow Any ROM Size For Recognition                               ; Off                ; Off                ;
; Allow Any Shift Register Size For Recognition                    ; Off                ; Off                ;
; Use LogicLock Constraints during Resource Balancing              ; On                 ; On                 ;
; Ignore translate_off and synthesis_off directives                ; Off                ; Off                ;
; Timing-Driven Synthesis                                          ; On                 ; On                 ;
; Report Parameter Settings                                        ; On                 ; On                 ;
; Report Source Assignments                                        ; On                 ; On                 ;
; Report Connectivity Checks                                       ; On                 ; On                 ;
; Ignore Maximum Fan-Out Assignments                               ; Off                ; Off                ;
; Synchronization Register Chain Length                            ; 2                  ; 2                  ;
; Power Optimization During Synthesis                              ; Normal compilation ; Normal compilation ;
; HDL message level                                                ; Level2             ; Level2             ;
; Suppress Register Optimization Related Messages                  ; Off                ; Off                ;
; Number of Removed Registers Reported in Synthesis Report         ; 5000               ; 5000               ;
; Number of Swept Nodes Reported in Synthesis Report               ; 5000               ; 5000               ;
; Number of Inverted Registers Reported in Synthesis Report        ; 100                ; 100                ;
; Clock MUX Protection                                             ; On                 ; On                 ;
; Auto Gated Clock Conversion                                      ; Off                ; Off                ;
; Block Design Naming                                              ; Auto               ; Auto               ;
; SDC constraint protection                                        ; Off                ; Off                ;
; Synthesis Effort                                                 ; Auto               ; Auto               ;
; Shift Register Replacement - Allow Asynchronous Clear Signal     ; On                 ; On                 ;
; Pre-Mapping Resynthesis Optimization                             ; Off                ; Off                ;
; Analysis & Synthesis Message Level                               ; Medium             ; Medium             ;
; Disable Register Merging Across Hierarchies                      ; Auto               ; Auto               ;
; Resource Aware Inference For Block RAM                           ; On                 ; On                 ;
+------------------------------------------------------------------+--------------------+--------------------+


+------------------------------------------+
; Parallel Compilation                     ;
+----------------------------+-------------+
; Processors                 ; Number      ;
+----------------------------+-------------+
; Number detected on machine ; 16          ;
; Maximum allowed            ; 8           ;
;                            ;             ;
; Average used               ; 1.00        ;
; Maximum used               ; 8           ;
;                            ;             ;
; Usage by Processor         ; % Time Used ;
;     Processor 1            ; 100.0%      ;
;     Processors 2-8         ;   0.0%      ;
+----------------------------+-------------+


+----------------------------------------------------------------------------------------------------------------------+
; Analysis & Synthesis Source Files Read                                                                               ;
+----------------------------------+-----------------+------------------------+------------------------------+---------+
; File Name with User-Entered Path ; Used in Netlist ; File Type              ; File Name with Absolute Path ; Library ;
+----------------------------------+-----------------+------------------------+------------------------------+---------+
; TX.v                             ; yes             ; User Verilog HDL File  ; D:/UART/TX.v                 ;         ;
+----------------------------------+-----------------+------------------------+------------------------------+---------+


+-----------------------------------------------------+
; Analysis & Synthesis Resource Usage Summary         ;
+---------------------------------------------+-------+
; Resource                                    ; Usage ;
+---------------------------------------------+-------+
; Estimated Total logic elements              ; 232   ;
;                                             ;       ;
; Total combinational functions               ; 205   ;
; Logic element usage by number of LUT inputs ;       ;
;     -- 4 input functions                    ; 72    ;
;     -- 3 input functions                    ; 32    ;
;     -- <=2 input functions                  ; 101   ;
;                                             ;       ;
; Logic elements by mode                      ;       ;
;     -- normal mode                          ; 144   ;
;     -- arithmetic mode                      ; 61    ;
;                                             ;       ;
; Total registers                             ; 135   ;
;     -- Dedicated logic registers            ; 135   ;
;     -- I/O registers                        ; 0     ;
;                                             ;       ;
; I/O pins                                    ; 21    ;
;                                             ;       ;
; Embedded Multiplier 9-bit elements          ; 0     ;
;                                             ;       ;
; Maximum fan-out node                        ; clkn  ;
; Maximum fan-out                             ; 75    ;
; Total fan-out                               ; 1014  ;
; Average fan-out                             ; 2.65  ;
+---------------------------------------------+-------+


+----------------------------------------------------------------------------------------------------------------------------------------------------------------------------------------------------------+
; Analysis & Synthesis Resource Utilization by Entity                                                                                                                                                      ;
+----------------------------+---------------------+---------------------------+-------------+--------------+---------+-----------+------+--------------+---------------------+-------------+--------------+
; Compilation Hierarchy Node ; Combinational ALUTs ; Dedicated Logic Registers ; Memory Bits ; DSP Elements ; DSP 9x9 ; DSP 18x18 ; Pins ; Virtual Pins ; Full Hierarchy Name ; Entity Name ; Library Name ;
+----------------------------+---------------------+---------------------------+-------------+--------------+---------+-----------+------+--------------+---------------------+-------------+--------------+
; |TX                        ; 205 (65)            ; 135 (61)                  ; 0           ; 0            ; 0       ; 0         ; 21   ; 0            ; |TX                 ; UART_tx2    ; work         ;
;    |UART_rx2:RX|           ; 48 (48)             ; 40 (40)                   ; 0           ; 0            ; 0       ; 0         ; 0    ; 0            ; |TX|UART_rx2:RX     ; UART_rx2    ; work         ;
;    |UART_tx2:TX|           ; 92 (92)             ; 34 (34)                   ; 0           ; 0            ; 0       ; 0         ; 0    ; 0            ; |TX|UART_tx2:TX     ; UART_tx2    ; work         ;
+----------------------------+---------------------+---------------------------+-------------+--------------+---------+-----------+------+--------------+---------------------+-------------+--------------+
Note: For table entries with two numbers listed, the numbers in parentheses indicate the number of resources of the given type used by the specific entity alone. The numbers listed outside of parentheses indicate the total resources of the given type used by the specific entity and all of its sub-entities in the hierarchy.


Encoding Type:  One-Hot
+------------------------------------------------------------------+
; State Machine - |TX|UART_rx2:RX|STATE                            ;
+-------------+------------+------------+-------------+------------+
; Name        ; STATE.STOP ; STATE.DATA ; STATE.START ; STATE.IDLE ;
+-------------+------------+------------+-------------+------------+
; STATE.IDLE  ; 0          ; 0          ; 0           ; 0          ;
; STATE.START ; 0          ; 0          ; 1           ; 1          ;
; STATE.DATA  ; 0          ; 1          ; 0           ; 1          ;
; STATE.STOP  ; 1          ; 0          ; 0           ; 1          ;
+-------------+------------+------------+-------------+------------+


Encoding Type:  One-Hot
+------------------------------------------------------------------+
; State Machine - |TX|UART_tx2:TX|STATE                            ;
+-------------+------------+------------+-------------+------------+
; Name        ; STATE.STOP ; STATE.DATA ; STATE.START ; STATE.IDLE ;
+-------------+------------+------------+-------------+------------+
; STATE.IDLE  ; 0          ; 0          ; 0           ; 0          ;
; STATE.START ; 0          ; 0          ; 1           ; 1          ;
; STATE.DATA  ; 0          ; 1          ; 0           ; 1          ;
; STATE.STOP  ; 1          ; 0          ; 0           ; 1          ;
+-------------+------------+------------+-------------+------------+


+---------------------------------------------------------------------------------+
; Registers Removed During Synthesis                                              ;
+----------------------------------------+----------------------------------------+
; Register name                          ; Reason for Removal                     ;
+----------------------------------------+----------------------------------------+
; buff[4,12,20,28..30,33,34,36..63]      ; Stuck at GND due to stuck port data_in ;
; fixed_data[4]                          ; Stuck at GND due to stuck port data_in ;
; tx_data[4]~reg0                        ; Stuck at GND due to stuck port data_in ;
; buff[9]                                ; Merged with buff[5]                    ;
; buff[17,23,27]                         ; Merged with buff[13]                   ;
; buff[22,25,26,31,32,35]                ; Merged with buff[21]                   ;
; buff[6]                                ; Merged with buff[10]                   ;
; buff[18,24]                            ; Merged with buff[14]                   ;
; buff[19]                               ; Merged with buff[15]                   ;
; buff[7]                                ; Merged with buff[11]                   ;
; UART_rx2:RX|STATE~6                    ; Lost fanout                            ;
; UART_rx2:RX|STATE~7                    ; Lost fanout                            ;
; UART_tx2:TX|STATE~2                    ; Lost fanout                            ;
; UART_tx2:TX|STATE~3                    ; Lost fanout                            ;
; Total Number of Removed Registers = 57 ;                                        ;
+----------------------------------------+----------------------------------------+


+---------------------------------------------------------------------------------------------------------------------------------+
; Removed Registers Triggering Further Register Optimizations                                                                     ;
+---------------+---------------------------+-------------------------------------------------------------------------------------+
; Register name ; Reason for Removal        ; Registers Removed due to This Register                                              ;
+---------------+---------------------------+-------------------------------------------------------------------------------------+
; buff[60]      ; Stuck at GND              ; buff[52], buff[44], buff[36], buff[28], buff[20], buff[12], buff[4], fixed_data[4], ;
;               ; due to stuck port data_in ; tx_data[4]~reg0                                                                     ;
; buff[61]      ; Stuck at GND              ; buff[53], buff[45], buff[37], buff[29]                                              ;
;               ; due to stuck port data_in ;                                                                                     ;
; buff[62]      ; Stuck at GND              ; buff[54], buff[46], buff[38], buff[30]                                              ;
;               ; due to stuck port data_in ;                                                                                     ;
; buff[57]      ; Stuck at GND              ; buff[49], buff[41], buff[33]                                                        ;
;               ; due to stuck port data_in ;                                                                                     ;
; buff[58]      ; Stuck at GND              ; buff[50], buff[42], buff[34]                                                        ;
;               ; due to stuck port data_in ;                                                                                     ;
; buff[63]      ; Stuck at GND              ; buff[55], buff[47], buff[39]                                                        ;
;               ; due to stuck port data_in ;                                                                                     ;
; buff[56]      ; Stuck at GND              ; buff[48], buff[40]                                                                  ;
;               ; due to stuck port data_in ;                                                                                     ;
; buff[59]      ; Stuck at GND              ; buff[51], buff[43]                                                                  ;
;               ; due to stuck port data_in ;                                                                                     ;
+---------------+---------------------------+-------------------------------------------------------------------------------------+


+------------------------------------------------------+
; General Register Statistics                          ;
+----------------------------------------------+-------+
; Statistic                                    ; Value ;
+----------------------------------------------+-------+
; Total registers                              ; 135   ;
; Number of registers using Synchronous Clear  ; 21    ;
; Number of registers using Synchronous Load   ; 0     ;
; Number of registers using Asynchronous Clear ; 38    ;
; Number of registers using Asynchronous Load  ; 0     ;
; Number of registers using Clock Enable       ; 78    ;
; Number of registers using Preset             ; 0     ;
+----------------------------------------------+-------+


+---------------------------------------------------+
; Inverted Register Statistics                      ;
+-----------------------------------------+---------+
; Inverted Register                       ; Fan out ;
+-----------------------------------------+---------+
; UART_tx2:TX|data_out                    ; 3       ;
; fixed_data[3]                           ; 4       ;
; fixed_data[6]                           ; 4       ;
; buff[0]                                 ; 1       ;
; flg                                     ; 2       ;
; UART_tx2:TX|status                      ; 4       ;
; buff[5]                                 ; 2       ;
; buff[8]                                 ; 1       ;
; buff[14]                                ; 2       ;
; buff[16]                                ; 1       ;
; buff[21]                                ; 2       ;
; Total number of inverted registers = 11 ;         ;
+-----------------------------------------+---------+


+-----------------------------------------------------------------------------------------------------------------------------------------------+
; Multiplexer Restructuring Statistics (Restructuring Performed)                                                                                ;
+--------------------+-----------+---------------+----------------------+------------------------+------------+---------------------------------+
; Multiplexer Inputs ; Bus Width ; Baseline Area ; Area if Restructured ; Saving if Restructured ; Registered ; Example Multiplexer Output      ;
+--------------------+-----------+---------------+----------------------+------------------------+------------+---------------------------------+
; 5:1                ; 11 bits   ; 33 LEs        ; 11 LEs               ; 22 LEs                 ; Yes        ; |TX|UART_rx2:RX|data_val[5]     ;
; 5:1                ; 3 bits    ; 9 LEs         ; 3 LEs                ; 6 LEs                  ; Yes        ; |TX|UART_tx2:TX|flag[2]         ;
; 7:1                ; 16 bits   ; 64 LEs        ; 32 LEs               ; 32 LEs                 ; Yes        ; |TX|UART_rx2:RX|clk_counter[12] ;
; 7:1                ; 16 bits   ; 64 LEs        ; 16 LEs               ; 48 LEs                 ; Yes        ; |TX|UART_tx2:TX|clk_counter[1]  ;
; 7:1                ; 6 bits    ; 24 LEs        ; 6 LEs                ; 18 LEs                 ; Yes        ; |TX|UART_tx2:TX|data_buff[1]    ;
; 9:1                ; 4 bits    ; 24 LEs        ; 12 LEs               ; 12 LEs                 ; No         ; |TX|UART_rx2:RX|STATE.IDLE      ;
+--------------------+-----------+---------------+----------------------+------------------------+------------+---------------------------------+


+----------------------------------------------------------+
; Parameter Settings for User Entity Instance: UART_tx2:TX ;
+----------------+-------+---------------------------------+
; Parameter Name ; Value ; Type                            ;
+----------------+-------+---------------------------------+
; IDLE           ; 00    ; Unsigned Binary                 ;
; START          ; 01    ; Unsigned Binary                 ;
; DATA           ; 10    ; Unsigned Binary                 ;
; STOP           ; 11    ; Unsigned Binary                 ;
; CLKS_PER_BIT   ; 16    ; Signed Integer                  ;
; CLKSidel       ; 20    ; Signed Integer                  ;
+----------------+-------+---------------------------------+
Note: In order to hide this table in the UI and the text report file, please set the "Show Parameter Settings in Synthesis Report" option in "Analysis and Synthesis Settings -> More Settings" to "Off".


+----------------------------------------------------------+
; Parameter Settings for User Entity Instance: UART_rx2:RX ;
+----------------+-------+---------------------------------+
; Parameter Name ; Value ; Type                            ;
+----------------+-------+---------------------------------+
; CLKS_PER_BIT   ; 16    ; Signed Integer                  ;
+----------------+-------+---------------------------------+
Note: In order to hide this table in the UI and the text report file, please set the "Show Parameter Settings in Synthesis Report" option in "Analysis and Synthesis Settings -> More Settings" to "Off".


+-----------------------------------------------------+
; Post-Synthesis Netlist Statistics for Top Partition ;
+-----------------------+-----------------------------+
; Type                  ; Count                       ;
+-----------------------+-----------------------------+
; boundary_port         ; 21                          ;
; cycloneiii_ff         ; 135                         ;
;     CLR               ; 15                          ;
;     ENA               ; 37                          ;
;     ENA CLR           ; 20                          ;
;     ENA CLR SCLR      ; 3                           ;
;     ENA SCLR          ; 18                          ;
;     plain             ; 42                          ;
; cycloneiii_lcell_comb ; 207                         ;
;     arith             ; 61                          ;
;         2 data inputs ; 61                          ;
;     normal            ; 146                         ;
;         0 data inputs ; 1                           ;
;         1 data inputs ; 16                          ;
;         2 data inputs ; 25                          ;
;         3 data inputs ; 32                          ;
;         4 data inputs ; 72                          ;
;                       ;                             ;
; Max LUT depth         ; 6.00                        ;
; Average LUT depth     ; 2.98                        ;
+-----------------------+-----------------------------+


+-------------------------------+
; Elapsed Time Per Partition    ;
+----------------+--------------+
; Partition Name ; Elapsed Time ;
+----------------+--------------+
; Top            ; 00:00:00     ;
+----------------+--------------+


+-------------------------------+
; Analysis & Synthesis Messages ;
+-------------------------------+
Info: *******************************************************************
Info: Running Quartus Prime Analysis & Synthesis
    Info: Version 22.1std.0 Build 915 10/25/2022 SC Lite Edition
    Info: Processing started: Tue May  6 16:00:50 2025
Info: Command: quartus_map --read_settings_files=on --write_settings_files=off UART -c UART
Warning (18236): Number of processors has not been specified which may cause overloading on shared machines.  Set the global assignment NUM_PARALLEL_PROCESSORS in your QSF to an appropriate value for best performance.
Info (20030): Parallel compilation is enabled and will use 8 of the 8 processors detected
Info (12021): Found 3 design units, including 3 entities, in source file tx.v
    Info (12023): Found entity 1: TX File: D:/UART/TX.v Line: 3
    Info (12023): Found entity 2: UART_tx2 File: D:/UART/TX.v Line: 63
    Info (12023): Found entity 3: UART_rx2 File: D:/UART/TX.v Line: 154
Info (12021): Found 1 design units, including 1 entities, in source file output_files/tx_tb.v
    Info (12023): Found entity 1: TX_tb File: D:/UART/output_files/TX_tb.v Line: 3
Warning (10222): Verilog HDL Parameter Declaration warning at TX.v(163): Parameter Declaration in module "UART_rx2" behaves as a Local Parameter Declaration because the module has a Module Parameter Port List File: D:/UART/TX.v Line: 163
Info (12127): Elaborating entity "TX" for the top level hierarchy
Info (12128): Elaborating entity "UART_tx2" for hierarchy "UART_tx2:TX" File: D:/UART/TX.v Line: 48
Warning (10036): Verilog HDL or VHDL warning at TX.v(80): object "counter" assigned a value but never read File: D:/UART/TX.v Line: 80
Warning (10036): Verilog HDL or VHDL warning at TX.v(81): object "bit_counter" assigned a value but never read File: D:/UART/TX.v Line: 81
Warning (10036): Verilog HDL or VHDL warning at TX.v(82): object "stat" assigned a value but never read File: D:/UART/TX.v Line: 82
Warning (10230): Verilog HDL assignment warning at TX.v(98): truncated value with size 32 to match size of target (16) File: D:/UART/TX.v Line: 98
Warning (10230): Verilog HDL assignment warning at TX.v(112): truncated value with size 32 to match size of target (16) File: D:/UART/TX.v Line: 112
Warning (10230): Verilog HDL assignment warning at TX.v(124): truncated value with size 32 to match size of target (16) File: D:/UART/TX.v Line: 124
Warning (10230): Verilog HDL assignment warning at TX.v(128): truncated value with size 32 to match size of target (4) File: D:/UART/TX.v Line: 128
Warning (10230): Verilog HDL assignment warning at TX.v(139): truncated value with size 32 to match size of target (16) File: D:/UART/TX.v Line: 139
Info (12128): Elaborating entity "UART_rx2" for hierarchy "UART_rx2:RX" File: D:/UART/TX.v Line: 58
Warning (10036): Verilog HDL or VHDL warning at TX.v(166): object "count" assigned a value but never read File: D:/UART/TX.v Line: 166
Warning (10036): Verilog HDL or VHDL warning at TX.v(172): object "flag" assigned a value but never read File: D:/UART/TX.v Line: 172
Warning (10036): Verilog HDL or VHDL warning at TX.v(173): object "statflag" assigned a value but never read File: D:/UART/TX.v Line: 173
Warning (10230): Verilog HDL assignment warning at TX.v(193): truncated value with size 32 to match size of target (16) File: D:/UART/TX.v Line: 193
Warning (10230): Verilog HDL assignment warning at TX.v(203): truncated value with size 32 to match size of target (16) File: D:/UART/TX.v Line: 203
Warning (10230): Verilog HDL assignment warning at TX.v(207): truncated value with size 32 to match size of target (4) File: D:/UART/TX.v Line: 207
Warning (10230): Verilog HDL assignment warning at TX.v(212): truncated value with size 32 to match size of target (4) File: D:/UART/TX.v Line: 212
Warning (10230): Verilog HDL assignment warning at TX.v(226): truncated value with size 32 to match size of target (16) File: D:/UART/TX.v Line: 226
Info (13000): Registers with preset signals will power-up high File: D:/UART/TX.v Line: 67
Info (13003): DEV_CLRn pin will set, and not reset, register with preset signal due to NOT Gate Push-Back
Warning (13004): Presettable and clearable registers converted to equivalent circuits with latches. Registers power-up to an undefined state, and DEVCLRn places the registers in an undefined state.
    Warning (13310): Register "UART_tx2:TX|data_buff[0]" is converted into an equivalent circuit using register "UART_tx2:TX|data_buff[0]~_emulated" and latch "UART_tx2:TX|data_buff[0]~1" File: D:/UART/TX.v Line: 93
    Warning (13310): Register "UART_tx2:TX|data_buff[1]" is converted into an equivalent circuit using register "UART_tx2:TX|data_buff[1]~_emulated" and latch "UART_tx2:TX|data_buff[1]~5" File: D:/UART/TX.v Line: 93
    Warning (13310): Register "UART_tx2:TX|data_buff[2]" is converted into an equivalent circuit using register "UART_tx2:TX|data_buff[2]~_emulated" and latch "UART_tx2:TX|data_buff[2]~9" File: D:/UART/TX.v Line: 93
    Warning (13310): Register "UART_tx2:TX|data_buff[3]" is converted into an equivalent circuit using register "UART_tx2:TX|data_buff[3]~_emulated" and latch "UART_tx2:TX|data_buff[3]~13" File: D:/UART/TX.v Line: 93
    Warning (13310): Register "UART_tx2:TX|data_buff[5]" is converted into an equivalent circuit using register "UART_tx2:TX|data_buff[5]~_emulated" and latch "UART_tx2:TX|data_buff[5]~17" File: D:/UART/TX.v Line: 93
    Warning (13310): Register "UART_tx2:TX|data_buff[6]" is converted into an equivalent circuit using register "UART_tx2:TX|data_buff[6]~_emulated" and latch "UART_tx2:TX|data_buff[6]~21" File: D:/UART/TX.v Line: 93
    Warning (13310): Register "UART_tx2:TX|data_buff[7]" is converted into an equivalent circuit using register "UART_tx2:TX|data_buff[7]~_emulated" and latch "UART_tx2:TX|data_buff[7]~25" File: D:/UART/TX.v Line: 93
Warning (13024): Output pins are stuck at VCC or GND
    Warning (13410): Pin "tx_data[4]" is stuck at GND File: D:/UART/TX.v Line: 22
Info (286030): Timing-Driven Synthesis is running
Info (17049): 4 registers lost all their fanouts during netlist optimizations.
Info (144001): Generated suppressed messages file D:/UART/output_files/UART.map.smsg
Info (16010): Generating hard_block partition "hard_block:auto_generated_inst"
    Info (16011): Adding 0 node(s), including 0 DDIO, 0 PLL, 0 transceiver and 0 LCELL
Info (21057): Implemented 253 device resources after synthesis - the final resource count might be different
    Info (21058): Implemented 4 input pins
    Info (21059): Implemented 17 output pins
    Info (21061): Implemented 232 logic cells
Info: Quartus Prime Analysis & Synthesis was successful. 0 errors, 28 warnings
    Info: Peak virtual memory: 4806 megabytes
    Info: Processing ended: Tue May  6 16:00:56 2025
    Info: Elapsed time: 00:00:06
    Info: Total CPU time (on all processors): 00:00:16


+------------------------------------------+
; Analysis & Synthesis Suppressed Messages ;
+------------------------------------------+
The suppressed messages can be found in D:/UART/output_files/UART.map.smsg.


